11:51:21.363 [main] INFO  pageObjectModel.BaseClass - set the city and speciality in practo
11:54:15.941 [main] INFO  pageObjectModel.BaseClass - Applying all the filters
11:54:24.452 [main] INFO  pageObjectModel.BaseClass - get the details of Doctors
11:54:35.243 [main] INFO  pageObjectModel.BaseClass - Get the all surgeries
11:55:12.950 [main] INFO  pageObjectModel.BaseClass - select the health and wellness in for corporate
11:55:25.667 [main] INFO  pageObjectModel.BaseClass - enter the all details with invalid email and check the demo button is decable or not after that enter valid email
12:00:14.777 [main] INFO  pageObjectModel.BaseClass - set the city and speciality in practo
12:00:40.908 [main] INFO  pageObjectModel.BaseClass - Applying all the filters
12:00:47.462 [main] INFO  pageObjectModel.BaseClass - get the details of Doctors
12:00:59.804 [main] INFO  pageObjectModel.BaseClass - Get the all surgeries
12:01:08.263 [main] INFO  pageObjectModel.BaseClass - select the health and wellness in for corporate
12:01:20.359 [main] INFO  pageObjectModel.BaseClass - enter the all details with invalid email and check the demo button is decable or not after that enter valid email
12:01:28.246 [main] INFO  pageObjectModel.BaseClass - validate the thank you message is display or not and print it
15:48:14.663 [main] INFO  pageObjectModel.BaseClass - Get the all surgeries
15:54:25.199 [main] INFO  pageObjectModel.BaseClass - set the city and speciality in practo
15:54:49.914 [main] INFO  pageObjectModel.BaseClass - Applying all the filters
15:54:54.196 [main] INFO  pageObjectModel.BaseClass - get the details of Doctors
15:55:04.106 [main] INFO  pageObjectModel.BaseClass - Get the all surgeries
15:55:14.115 [main] INFO  pageObjectModel.BaseClass - select the health and wellness in for corporate
15:55:25.207 [main] INFO  pageObjectModel.BaseClass - enter the all details with invalid email and check the demo button is decable or not after that enter valid email
15:55:25.692 [main] INFO  pageObjectModel.BaseClass - validate the thank you message is display or not and print it
16:00:27.545 [main] INFO  pageObjectModel.BaseClass - set the city and speciality in practo
16:00:52.525 [main] INFO  pageObjectModel.BaseClass - Applying all the filters
16:00:56.530 [main] INFO  pageObjectModel.BaseClass - get the details of Doctors
16:01:07.518 [main] INFO  pageObjectModel.BaseClass - Get the all surgeries
16:01:24.808 [main] INFO  pageObjectModel.BaseClass - select the health and wellness in for corporate
16:01:39.810 [main] INFO  pageObjectModel.BaseClass - enter the all details with invalid email and check the demo button is decable or not after that enter valid email
16:01:52.010 [main] INFO  pageObjectModel.BaseClass - validate the thank you message is display or not and print it
16:03:27.798 [main] INFO  pageObjectModel.BaseClass - set the city and speciality in practo
16:03:51.541 [main] INFO  pageObjectModel.BaseClass - Applying all the filters
16:03:55.474 [main] INFO  pageObjectModel.BaseClass - get the details of Doctors
16:04:03.013 [main] INFO  pageObjectModel.BaseClass - Get the all surgeries
16:04:14.195 [main] INFO  pageObjectModel.BaseClass - select the health and wellness in for corporate
16:04:29.035 [main] INFO  pageObjectModel.BaseClass - enter the all details with invalid email and check the demo button is decable or not after that enter valid email
16:04:31.565 [main] INFO  pageObjectModel.BaseClass - validate the thank you message is display or not and print it
